  ConsoleApplication1.cpp
  ClientCode.cpp
  EnumerationHandler.cpp
D:\VSJ\MyLanguage\MyLanguage\ConsoleApplication1\ConsoleApplication1\SyntaxicAnalization\SynAnalizator.h(15,20): error C2143: syntax error: missing ';' before '*'
  (compiling source file 'SyntaxicAnalization/Chain_of_Responsibility_Data_Type_Init/ClientCode.cpp')
  
D:\VSJ\MyLanguage\MyLanguage\ConsoleApplication1\ConsoleApplication1\SyntaxicAnalization\SynAnalizator.h(15,20): error C4430: missing type specifier - int assumed. Note: C++ does not support default-int
  (compiling source file 'SyntaxicAnalization/Chain_of_Responsibility_Data_Type_Init/ClientCode.cpp')
  
D:\VSJ\MyLanguage\MyLanguage\ConsoleApplication1\ConsoleApplication1\SyntaxicAnalization\SynAnalizator.h(15,32): error C2238: unexpected token(s) preceding ';'
  (compiling source file 'SyntaxicAnalization/Chain_of_Responsibility_Data_Type_Init/ClientCode.cpp')
  
D:\VSJ\MyLanguage\MyLanguage\ConsoleApplication1\ConsoleApplication1\SyntaxicAnalization\Chain_of_Responsibility_Data_Type_Init\ClientCode.h(12,21): error C2143: syntax error: missing ';' before '*'
  (compiling source file 'SyntaxicAnalization/Chain_of_Responsibility_Data_Type_Init/EnumerationHandler.cpp')
  
D:\VSJ\MyLanguage\MyLanguage\ConsoleApplication1\ConsoleApplication1\SyntaxicAnalization\Chain_of_Responsibility_Data_Type_Init\ClientCode.h(12,21): error C4430: missing type specifier - int assumed. Note: C++ does not support default-int
  (compiling source file 'SyntaxicAnalization/Chain_of_Responsibility_Data_Type_Init/EnumerationHandler.cpp')
  
D:\VSJ\MyLanguage\MyLanguage\ConsoleApplication1\ConsoleApplication1\SyntaxicAnalization\Chain_of_Responsibility_Data_Type_Init\ClientCode.h(12,38): error C2238: unexpected token(s) preceding ';'
  (compiling source file 'SyntaxicAnalization/Chain_of_Responsibility_Data_Type_Init/EnumerationHandler.cpp')
  
  VariableHandler.cpp
D:\VSJ\MyLanguage\MyLanguage\ConsoleApplication1\ConsoleApplication1\SyntaxicAnalization\Chain_of_Responsibility_Data_Type_Init\ClientCode.h(12,21): error C2143: syntax error: missing ';' before '*'
  (compiling source file 'SyntaxicAnalization/Chain_of_Responsibility_Data_Type_Init/VariableHandler.cpp')
  
D:\VSJ\MyLanguage\MyLanguage\ConsoleApplication1\ConsoleApplication1\SyntaxicAnalization\Chain_of_Responsibility_Data_Type_Init\ClientCode.h(12,21): error C4430: missing type specifier - int assumed. Note: C++ does not support default-int
  (compiling source file 'SyntaxicAnalization/Chain_of_Responsibility_Data_Type_Init/VariableHandler.cpp')
  
D:\VSJ\MyLanguage\MyLanguage\ConsoleApplication1\ConsoleApplication1\SyntaxicAnalization\Chain_of_Responsibility_Data_Type_Init\ClientCode.h(12,38): error C2238: unexpected token(s) preceding ';'
  (compiling source file 'SyntaxicAnalization/Chain_of_Responsibility_Data_Type_Init/VariableHandler.cpp')
  
D:\VSJ\MyLanguage\MyLanguage\ConsoleApplication1\ConsoleApplication1\SyntaxicAnalization\Chain_of_Responsibility_Data_Type_Init\VariableHandler.cpp(7,170): warning C4267: '=': conversion from 'size_t' to 'int', possible loss of data
  SynAnalizator.cpp
  SyntaxicAnalizator_MathAndlogicOperator.cpp
  Generating Code...
D:\VSJ\MyLanguage\MyLanguage\ConsoleApplication1\ConsoleApplication1\SyntaxicAnalization\SynAnalizator.cpp(416): warning C4715: 'SynAnalizator::CollectionInitialization': not all control paths return a value
